  Sputnic.cpp
c:\users\сергей\desktop\учёба\численные методы\курсовая работа\sputnik\sputnic.cpp(200): warning C4477: "sprintf": в строке форматирования "%d" требуется аргумент типа "int", но вариативный аргумент "1" имеет тип "double"
c:\users\сергей\desktop\учёба\численные методы\курсовая работа\sputnik\sputnic.cpp(200): warning C4477: "sprintf": в строке форматирования "%d" требуется аргумент типа "int", но вариативный аргумент "2" имеет тип "double"
c:\users\сергей\desktop\учёба\численные методы\курсовая работа\sputnik\sputnic.cpp(200): warning C4996: 'sprintf': This function or variable may be unsafe. Consider using sprintf_s instead. To disable deprecation, use _CRT_SECURE_NO_WARNINGS. See online help for details.
  c:\program files (x86)\windows kits\10\include\10.0.10240.0\ucrt\stdio.h(1769): note:  см. объявление "sprintf"
c:\users\сергей\desktop\учёба\численные методы\курсовая работа\sputnik\wm_timer.h(20): warning C4996: 'sprintf': This function or variable may be unsafe. Consider using sprintf_s instead. To disable deprecation, use _CRT_SECURE_NO_WARNINGS. See online help for details.
  c:\program files (x86)\windows kits\10\include\10.0.10240.0\ucrt\stdio.h(1769): note:  см. объявление "sprintf"
c:\users\сергей\desktop\учёба\численные методы\курсовая работа\sputnik\wm_timer.h(22): warning C4996: 'sprintf': This function or variable may be unsafe. Consider using sprintf_s instead. To disable deprecation, use _CRT_SECURE_NO_WARNINGS. See online help for details.
  c:\program files (x86)\windows kits\10\include\10.0.10240.0\ucrt\stdio.h(1769): note:  см. объявление "sprintf"
c:\users\сергей\desktop\учёба\численные методы\курсовая работа\sputnik\wm_timer.h(24): warning C4996: 'sprintf': This function or variable may be unsafe. Consider using sprintf_s instead. To disable deprecation, use _CRT_SECURE_NO_WARNINGS. See online help for details.
  c:\program files (x86)\windows kits\10\include\10.0.10240.0\ucrt\stdio.h(1769): note:  см. объявление "sprintf"
c:\users\сергей\desktop\учёба\численные методы\курсовая работа\sputnik\sputnic.cpp(260): warning C4244: аргумент: преобразование "double" в "UINT", возможна потеря данных
c:\users\сергей\desktop\учёба\численные методы\курсовая работа\sputnik\sputnic.cpp(261): warning C4244: аргумент: преобразование "double" в "UINT", возможна потеря данных
c:\users\сергей\desktop\учёба\численные методы\курсовая работа\sputnik\sputnic.cpp(262): warning C4244: аргумент: преобразование "double" в "UINT", возможна потеря данных
c:\users\сергей\desktop\учёба\численные методы\курсовая работа\sputnik\sputnic.cpp(263): warning C4244: аргумент: преобразование "double" в "UINT", возможна потеря данных
c:\users\сергей\desktop\учёба\численные методы\курсовая работа\sputnik\sputnic.cpp(264): warning C4244: аргумент: преобразование "double" в "UINT", возможна потеря данных
c:\users\сергей\desktop\учёба\численные методы\курсовая работа\sputnik\sputnic.cpp(265): warning C4244: аргумент: преобразование "double" в "UINT", возможна потеря данных
c:\users\сергей\desktop\учёба\численные методы\курсовая работа\sputnik\sputnic.cpp(266): warning C4244: аргумент: преобразование "double" в "UINT", возможна потеря данных
c:\users\сергей\desktop\учёба\численные методы\курсовая работа\sputnik\sputnic.cpp(267): warning C4244: аргумент: преобразование "double" в "UINT", возможна потеря данных
c:\users\сергей\desktop\учёба\численные методы\курсовая работа\sputnik\sputnic.cpp(271): warning C4244: аргумент: преобразование "double" в "UINT", возможна потеря данных
c:\users\сергей\desktop\учёба\численные методы\курсовая работа\sputnik\sputnic.cpp(272): warning C4244: аргумент: преобразование "double" в "UINT", возможна потеря данных
c:\users\сергей\desktop\учёба\численные методы\курсовая работа\sputnik\sputnic.cpp(278): warning C4244: аргумент: преобразование "double" в "UINT", возможна потеря данных
  Sputnic2003.vcxproj -> C:\Users\Сергей\Desktop\Учёба\Численные методы\Курсовая работа\Sputnik\Debug\Sputnic.exe
  Sputnic2003.vcxproj -> Debug\Sputnic.pdb (Full PDB)
